08-May-2019 10:25:54 PDT [main] -5p MyApp.class main - This is debug message 
08-May-2019 10:25:54 PDT [main] -5p MyApp.class main - This is info message 
08-May-2019 10:25:54 PDT [main] -5p MyApp.class main - This is warn message 
08-May-2019 10:25:54 PDT [main] -5p MyApp.class main - This is error messagae 
08-May-2019 10:25:54 PDT [main] -5p MyApp.class main - This is fatal message 
08-May-2019 10:26:08 PDT [main] -5p MyApp.class main - This is debug message 
08-May-2019 10:26:08 PDT [main] -5p MyApp.class main - This is info message 
08-May-2019 10:26:08 PDT [main] -5p MyApp.class main - This is warn message 
08-May-2019 10:26:08 PDT [main] -5p MyApp.class main - This is error messagae 
08-May-2019 10:26:08 PDT [main] -5p MyApp.class main - This is fatal message 
08-May-2019 10:30:09 PDT [main] -5p com.nit.main.MyApp main - This is debug message 
08-May-2019 10:30:09 PDT [main] -5p com.nit.main.MyApp main - This is info message 
08-May-2019 10:30:09 PDT [main] -5p com.nit.main.MyApp main - This is warn message 
08-May-2019 10:30:09 PDT [main] -5p com.nit.main.MyApp main - This is error messagae 
08-May-2019 10:30:09 PDT [main] -5p com.nit.main.MyApp main - This is fatal message 
08-May-2019 10:30:53 PDT [main] -5p com.nit.main.MyApp main - This is fatal message 
08-May-2019 10:31:28 PDT [main] -5p com.nit.main.MyApp main - This is debug message 
08-May-2019 10:31:28 PDT [main] -5p com.nit.main.MyApp main - This is info message 
08-May-2019 10:31:28 PDT [main] -5p com.nit.main.MyApp main - This is warn message 
08-May-2019 10:31:28 PDT [main] -5p com.nit.main.MyApp main - This is error messagae 
08-May-2019 10:31:28 PDT [main] -5p com.nit.main.MyApp main - This is fatal message 
